2023-09-12 02:37:19,491-[INFO ] {"id_traza":"","mensaje":"Starting ApplicationSetupTest using Java 17.0.8.1 on GSQ359KQXD01MLE with PID 39777 (started by whiz in /Users/whiz/Documents/Intellijproyecto/EKT-ECOM-CODECOMMIT-MARKETPLACE-MSDPRPPRECIOSVTEX)","metodo":".","linea": } 
2023-09-12 02:37:19,500-[INFO ] {"id_traza":"","mensaje":"The following 1 profile is active: "dev"","metodo":".","linea": } 
2023-09-12 02:37:21,871-[INFO ] {"id_traza":"","mensaje":"****************** Configurando msdprppreciosvtex 0.0.1 ****************** Conexion  DataBase:null","metodo":"ApplicationSetup$$EnhancerBySpringCGLIB$$1c6871a2.init","linea":48 } 
2023-09-12 02:37:23,491-[INFO ] {"id_traza":"","mensaje":"Started ApplicationSetupTest in 4.379 seconds (JVM running for 10.227)","metodo":"ApplicationSetup$$EnhancerBySpringCGLIB$$1c6871a2.init","linea":48 } 
2023-09-12 02:37:28,636-[INFO ] {"id_traza":"","mensaje":"Starting PreciosDaoImplTest using Java 17.0.8.1 on GSQ359KQXD01MLE with PID 39777 (started by whiz in /Users/whiz/Documents/Intellijproyecto/EKT-ECOM-CODECOMMIT-MARKETPLACE-MSDPRPPRECIOSVTEX)","metodo":"ApplicationSetup$$EnhancerBySpringCGLIB$$1c6871a2.init","linea":48 } 
2023-09-12 02:37:28,636-[INFO ] {"id_traza":"","mensaje":"The following 1 profile is active: "dev"","metodo":"ApplicationSetup$$EnhancerBySpringCGLIB$$1c6871a2.init","linea":48 } 
2023-09-12 02:37:28,853-[INFO ] {"id_traza":"","mensaje":"HikariPool-1 - Starting...","metodo":"ApplicationSetup$$EnhancerBySpringCGLIB$$1c6871a2.init","linea":48 } 
2023-09-12 02:37:30,199-[INFO ] {"id_traza":"","mensaje":"HikariPool-1 - Start completed.","metodo":"ApplicationSetup$$EnhancerBySpringCGLIB$$1c6871a2.init","linea":48 } 
2023-09-12 02:37:30,522-[INFO ] {"id_traza":"","mensaje":"****************** Configurando msdprppreciosvtex 0.0.1 ****************** Conexion  DataBase:X","metodo":"ApplicationSetup$$EnhancerBySpringCGLIB$$1c6871a2.init","linea":48 } 
2023-09-12 02:37:30,879-[INFO ] {"id_traza":"","mensaje":"Started PreciosDaoImplTest in 7.278 seconds (JVM running for 17.615)","metodo":"ApplicationSetup$$EnhancerBySpringCGLIB$$1c6871a2.init","linea":48 } 
2023-09-12 02:37:31,243-[INFO ] {"id_traza":"","mensaje":"Starting StatusControllerTest using Java 17.0.8.1 on GSQ359KQXD01MLE with PID 39777 (started by whiz in /Users/whiz/Documents/Intellijproyecto/EKT-ECOM-CODECOMMIT-MARKETPLACE-MSDPRPPRECIOSVTEX)","metodo":"ApplicationSetup$$EnhancerBySpringCGLIB$$1c6871a2.init","linea":48 } 
2023-09-12 02:37:31,243-[INFO ] {"id_traza":"","mensaje":"The following 1 profile is active: "dev"","metodo":"ApplicationSetup$$EnhancerBySpringCGLIB$$1c6871a2.init","linea":48 } 
2023-09-12 02:37:31,415-[INFO ] {"id_traza":"","mensaje":"HikariPool-2 - Starting...","metodo":"ApplicationSetup$$EnhancerBySpringCGLIB$$1c6871a2.init","linea":48 } 
2023-09-12 02:37:32,471-[INFO ] {"id_traza":"","mensaje":"HikariPool-2 - Start completed.","metodo":"ApplicationSetup$$EnhancerBySpringCGLIB$$1c6871a2.init","linea":48 } 
2023-09-12 02:37:32,670-[INFO ] {"id_traza":"","mensaje":"****************** Configurando msdprppreciosvtex 0.0.1 ****************** Conexion  DataBase:X","metodo":"ApplicationSetup$$EnhancerBySpringCGLIB$$1c6871a2.init","linea":48 } 
2023-09-12 02:37:32,979-[INFO ] {"id_traza":"","mensaje":"Started StatusControllerTest in 1.762 seconds (JVM running for 19.714)","metodo":"ApplicationSetup$$EnhancerBySpringCGLIB$$1c6871a2.init","linea":48 } 
2023-09-12 02:37:33,176-[INFO ] {"id_traza":"","mensaje":"Starting StatusServicesTest using Java 17.0.8.1 on GSQ359KQXD01MLE with PID 39777 (started by whiz in /Users/whiz/Documents/Intellijproyecto/EKT-ECOM-CODECOMMIT-MARKETPLACE-MSDPRPPRECIOSVTEX)","metodo":"ApplicationSetup$$EnhancerBySpringCGLIB$$1c6871a2.init","linea":48 } 
2023-09-12 02:37:33,176-[INFO ] {"id_traza":"","mensaje":"The following 1 profile is active: "dev"","metodo":"ApplicationSetup$$EnhancerBySpringCGLIB$$1c6871a2.init","linea":48 } 
2023-09-12 02:37:33,296-[INFO ] {"id_traza":"","mensaje":"****************** Configurando msdprppreciosvtex 0.0.1 ****************** Conexion  DataBase:null","metodo":"ApplicationSetup$$EnhancerBySpringCGLIB$$1c6871a2.init","linea":48 } 
2023-09-12 02:37:33,585-[INFO ] {"id_traza":"","mensaje":"Started StatusServicesTest in 0.428 seconds (JVM running for 20.32)","metodo":"ApplicationSetup$$EnhancerBySpringCGLIB$$1c6871a2.init","linea":48 } 
2023-09-12 02:37:33,622-[INFO ] {"id_traza":"","mensaje":"HikariPool-1 - Shutdown initiated...","metodo":".","linea": } 
2023-09-12 02:37:39,233-[INFO ] {"id_traza":"","mensaje":"HikariPool-1 - Shutdown completed.","metodo":".","linea": } 
2023-09-12 02:37:39,236-[INFO ] {"id_traza":"","mensaje":"HikariPool-2 - Shutdown initiated...","metodo":".","linea": } 
2023-09-12 02:37:39,650-[INFO ] {"id_traza":"","mensaje":"HikariPool-2 - Shutdown completed.","metodo":".","linea": } 
2023-09-12 02:45:19,730-[INFO ] {"id_traza":"","mensaje":"Starting ApplicationSetupTest using Java 17.0.8.1 on GSQ359KQXD01MLE with PID 43543 (started by whiz in /Users/whiz/Documents/Intellijproyecto/EKT-ECOM-CODECOMMIT-MARKETPLACE-MSDPRPPRECIOSVTEX)","metodo":".","linea": } 
2023-09-12 02:45:19,731-[INFO ] {"id_traza":"","mensaje":"The following 1 profile is active: "dev"","metodo":".","linea": } 
2023-09-12 02:45:21,431-[INFO ] {"id_traza":"","mensaje":"****************** Configurando msdprppreciosvtex 0.0.1 ****************** Conexion  DataBase:null","metodo":"ApplicationSetup$$EnhancerBySpringCGLIB$$1c6871a2.init","linea":48 } 
2023-09-12 02:45:22,857-[INFO ] {"id_traza":"","mensaje":"Started ApplicationSetupTest in 3.42 seconds (JVM running for 9.175)","metodo":"ApplicationSetup$$EnhancerBySpringCGLIB$$1c6871a2.init","linea":48 } 
2023-09-12 02:45:22,995-[INFO ] {"id_traza":"","mensaje":"Starting PreciosDaoImplTest using Java 17.0.8.1 on GSQ359KQXD01MLE with PID 43543 (started by whiz in /Users/whiz/Documents/Intellijproyecto/EKT-ECOM-CODECOMMIT-MARKETPLACE-MSDPRPPRECIOSVTEX)","metodo":"ApplicationSetup$$EnhancerBySpringCGLIB$$1c6871a2.init","linea":48 } 
2023-09-12 02:45:22,995-[INFO ] {"id_traza":"","mensaje":"The following 1 profile is active: "dev"","metodo":"ApplicationSetup$$EnhancerBySpringCGLIB$$1c6871a2.init","linea":48 } 
2023-09-12 02:45:23,263-[INFO ] {"id_traza":"","mensaje":"HikariPool-1 - Starting...","metodo":"ApplicationSetup$$EnhancerBySpringCGLIB$$1c6871a2.init","linea":48 } 
2023-09-12 02:45:29,649-[INFO ] {"id_traza":"","mensaje":"HikariPool-1 - Start completed.","metodo":"ApplicationSetup$$EnhancerBySpringCGLIB$$1c6871a2.init","linea":48 } 
2023-09-12 02:45:29,978-[INFO ] {"id_traza":"","mensaje":"****************** Configurando msdprppreciosvtex 0.0.1 ****************** Conexion  DataBase:X","metodo":"ApplicationSetup$$EnhancerBySpringCGLIB$$1c6871a2.init","linea":48 } 
2023-09-12 02:45:30,351-[INFO ] {"id_traza":"","mensaje":"Started PreciosDaoImplTest in 7.388 seconds (JVM running for 16.669)","metodo":"ApplicationSetup$$EnhancerBySpringCGLIB$$1c6871a2.init","linea":48 } 
2023-09-12 02:45:30,720-[INFO ] {"id_traza":"","mensaje":"Starting StatusControllerTest using Java 17.0.8.1 on GSQ359KQXD01MLE with PID 43543 (started by whiz in /Users/whiz/Documents/Intellijproyecto/EKT-ECOM-CODECOMMIT-MARKETPLACE-MSDPRPPRECIOSVTEX)","metodo":"ApplicationSetup$$EnhancerBySpringCGLIB$$1c6871a2.init","linea":48 } 
2023-09-12 02:45:30,720-[INFO ] {"id_traza":"","mensaje":"The following 1 profile is active: "dev"","metodo":"ApplicationSetup$$EnhancerBySpringCGLIB$$1c6871a2.init","linea":48 } 
2023-09-12 02:45:30,901-[INFO ] {"id_traza":"","mensaje":"HikariPool-2 - Starting...","metodo":"ApplicationSetup$$EnhancerBySpringCGLIB$$1c6871a2.init","linea":48 } 
2023-09-12 02:45:31,933-[INFO ] {"id_traza":"","mensaje":"HikariPool-2 - Start completed.","metodo":"ApplicationSetup$$EnhancerBySpringCGLIB$$1c6871a2.init","linea":48 } 
2023-09-12 02:45:32,133-[INFO ] {"id_traza":"","mensaje":"****************** Configurando msdprppreciosvtex 0.0.1 ****************** Conexion  DataBase:X","metodo":"ApplicationSetup$$EnhancerBySpringCGLIB$$1c6871a2.init","linea":48 } 
2023-09-12 02:45:32,501-[INFO ] {"id_traza":"","mensaje":"Started StatusControllerTest in 1.805 seconds (JVM running for 18.82)","metodo":"ApplicationSetup$$EnhancerBySpringCGLIB$$1c6871a2.init","linea":48 } 
2023-09-12 02:45:32,720-[INFO ] {"id_traza":"","mensaje":"Starting StatusServicesTest using Java 17.0.8.1 on GSQ359KQXD01MLE with PID 43543 (started by whiz in /Users/whiz/Documents/Intellijproyecto/EKT-ECOM-CODECOMMIT-MARKETPLACE-MSDPRPPRECIOSVTEX)","metodo":"ApplicationSetup$$EnhancerBySpringCGLIB$$1c6871a2.init","linea":48 } 
2023-09-12 02:45:32,721-[INFO ] {"id_traza":"","mensaje":"The following 1 profile is active: "dev"","metodo":"ApplicationSetup$$EnhancerBySpringCGLIB$$1c6871a2.init","linea":48 } 
2023-09-12 02:45:32,839-[INFO ] {"id_traza":"","mensaje":"****************** Configurando msdprppreciosvtex 0.0.1 ****************** Conexion  DataBase:null","metodo":"ApplicationSetup$$EnhancerBySpringCGLIB$$1c6871a2.init","linea":48 } 
2023-09-12 02:45:33,158-[INFO ] {"id_traza":"","mensaje":"Started StatusServicesTest in 0.46 seconds (JVM running for 19.477)","metodo":"ApplicationSetup$$EnhancerBySpringCGLIB$$1c6871a2.init","linea":48 } 
2023-09-12 02:45:33,196-[INFO ] {"id_traza":"","mensaje":"HikariPool-1 - Shutdown initiated...","metodo":".","linea": } 
2023-09-12 02:45:33,704-[INFO ] {"id_traza":"","mensaje":"HikariPool-1 - Shutdown completed.","metodo":".","linea": } 
2023-09-12 02:45:33,705-[INFO ] {"id_traza":"","mensaje":"HikariPool-2 - Shutdown initiated...","metodo":".","linea": } 
2023-09-12 02:45:34,064-[INFO ] {"id_traza":"","mensaje":"HikariPool-2 - Shutdown completed.","metodo":".","linea": } 
2023-09-12 02:46:57,315-[INFO ] {"id_traza":"","mensaje":"Starting ApplicationSetupTest using Java 17.0.8.1 on GSQ359KQXD01MLE with PID 43935 (started by whiz in /Users/whiz/Documents/Intellijproyecto/EKT-ECOM-CODECOMMIT-MARKETPLACE-MSDPRPPRECIOSVTEX)","metodo":".","linea": } 
2023-09-12 02:46:57,317-[INFO ] {"id_traza":"","mensaje":"The following 1 profile is active: "dev"","metodo":".","linea": } 
2023-09-12 02:46:58,931-[INFO ] {"id_traza":"","mensaje":"****************** Configurando msdprppreciosvtex 0.0.1 ****************** Conexion  DataBase:null","metodo":"ApplicationSetup$$EnhancerBySpringCGLIB$$1c6871a2.init","linea":48 } 
2023-09-12 02:47:00,490-[INFO ] {"id_traza":"","mensaje":"Started ApplicationSetupTest in 3.463 seconds (JVM running for 9.213)","metodo":"ApplicationSetup$$EnhancerBySpringCGLIB$$1c6871a2.init","linea":48 } 
2023-09-12 02:47:00,630-[INFO ] {"id_traza":"","mensaje":"Starting PreciosDaoImplTest using Java 17.0.8.1 on GSQ359KQXD01MLE with PID 43935 (started by whiz in /Users/whiz/Documents/Intellijproyecto/EKT-ECOM-CODECOMMIT-MARKETPLACE-MSDPRPPRECIOSVTEX)","metodo":"ApplicationSetup$$EnhancerBySpringCGLIB$$1c6871a2.init","linea":48 } 
2023-09-12 02:47:00,630-[INFO ] {"id_traza":"","mensaje":"The following 1 profile is active: "dev"","metodo":"ApplicationSetup$$EnhancerBySpringCGLIB$$1c6871a2.init","linea":48 } 
2023-09-12 02:47:00,915-[INFO ] {"id_traza":"","mensaje":"HikariPool-1 - Starting...","metodo":"ApplicationSetup$$EnhancerBySpringCGLIB$$1c6871a2.init","linea":48 } 
2023-09-12 02:47:07,488-[INFO ] {"id_traza":"","mensaje":"HikariPool-1 - Start completed.","metodo":"ApplicationSetup$$EnhancerBySpringCGLIB$$1c6871a2.init","linea":48 } 
2023-09-12 02:47:07,800-[INFO ] {"id_traza":"","mensaje":"****************** Configurando msdprppreciosvtex 0.0.1 ****************** Conexion  DataBase:X","metodo":"ApplicationSetup$$EnhancerBySpringCGLIB$$1c6871a2.init","linea":48 } 
2023-09-12 02:47:08,178-[INFO ] {"id_traza":"","mensaje":"Started PreciosDaoImplTest in 7.583 seconds (JVM running for 16.901)","metodo":"ApplicationSetup$$EnhancerBySpringCGLIB$$1c6871a2.init","linea":48 } 
2023-09-12 02:47:08,541-[INFO ] {"id_traza":"","mensaje":"Starting StatusControllerTest using Java 17.0.8.1 on GSQ359KQXD01MLE with PID 43935 (started by whiz in /Users/whiz/Documents/Intellijproyecto/EKT-ECOM-CODECOMMIT-MARKETPLACE-MSDPRPPRECIOSVTEX)","metodo":"ApplicationSetup$$EnhancerBySpringCGLIB$$1c6871a2.init","linea":48 } 
2023-09-12 02:47:08,541-[INFO ] {"id_traza":"","mensaje":"The following 1 profile is active: "dev"","metodo":"ApplicationSetup$$EnhancerBySpringCGLIB$$1c6871a2.init","linea":48 } 
2023-09-12 02:47:08,738-[INFO ] {"id_traza":"","mensaje":"HikariPool-2 - Starting...","metodo":"ApplicationSetup$$EnhancerBySpringCGLIB$$1c6871a2.init","linea":48 } 
2023-09-12 02:47:09,787-[INFO ] {"id_traza":"","mensaje":"HikariPool-2 - Start completed.","metodo":"ApplicationSetup$$EnhancerBySpringCGLIB$$1c6871a2.init","linea":48 } 
2023-09-12 02:47:09,986-[INFO ] {"id_traza":"","mensaje":"****************** Configurando msdprppreciosvtex 0.0.1 ****************** Conexion  DataBase:X","metodo":"ApplicationSetup$$EnhancerBySpringCGLIB$$1c6871a2.init","linea":48 } 
2023-09-12 02:47:10,323-[INFO ] {"id_traza":"","mensaje":"Started StatusControllerTest in 1.807 seconds (JVM running for 19.046)","metodo":"ApplicationSetup$$EnhancerBySpringCGLIB$$1c6871a2.init","linea":48 } 
2023-09-12 02:47:10,519-[INFO ] {"id_traza":"","mensaje":"Starting StatusServicesTest using Java 17.0.8.1 on GSQ359KQXD01MLE with PID 43935 (started by whiz in /Users/whiz/Documents/Intellijproyecto/EKT-ECOM-CODECOMMIT-MARKETPLACE-MSDPRPPRECIOSVTEX)","metodo":"ApplicationSetup$$EnhancerBySpringCGLIB$$1c6871a2.init","linea":48 } 
2023-09-12 02:47:10,519-[INFO ] {"id_traza":"","mensaje":"The following 1 profile is active: "dev"","metodo":"ApplicationSetup$$EnhancerBySpringCGLIB$$1c6871a2.init","linea":48 } 
2023-09-12 02:47:10,633-[INFO ] {"id_traza":"","mensaje":"****************** Configurando msdprppreciosvtex 0.0.1 ****************** Conexion  DataBase:null","metodo":"ApplicationSetup$$EnhancerBySpringCGLIB$$1c6871a2.init","linea":48 } 
2023-09-12 02:47:10,941-[INFO ] {"id_traza":"","mensaje":"Started StatusServicesTest in 0.444 seconds (JVM running for 19.664)","metodo":"ApplicationSetup$$EnhancerBySpringCGLIB$$1c6871a2.init","linea":48 } 
2023-09-12 02:47:10,974-[INFO ] {"id_traza":"","mensaje":"HikariPool-1 - Shutdown initiated...","metodo":".","linea": } 
2023-09-12 02:47:11,485-[INFO ] {"id_traza":"","mensaje":"HikariPool-1 - Shutdown completed.","metodo":".","linea": } 
2023-09-12 02:47:11,487-[INFO ] {"id_traza":"","mensaje":"HikariPool-2 - Shutdown initiated...","metodo":".","linea": } 
2023-09-12 02:47:11,847-[INFO ] {"id_traza":"","mensaje":"HikariPool-2 - Shutdown completed.","metodo":".","linea": } 
2023-09-12 03:24:58,809-[INFO ] {"id_traza":"","mensaje":"Starting ApplicationSetupTest using Java 17.0.8.1 on GSQ359KQXD01MLE with PID 56628 (started by whiz in /Users/whiz/Documents/Intellijproyecto/EKT-ECOM-CODECOMMIT-MARKETPLACE-MSDPRPPRECIOSVTEX)","metodo":".","linea": } 
2023-09-12 03:24:58,810-[INFO ] {"id_traza":"","mensaje":"The following 1 profile is active: "dev"","metodo":".","linea": } 
2023-09-12 03:25:00,513-[INFO ] {"id_traza":"","mensaje":"****************** Configurando msdprppreciosvtex 0.0.1 ****************** Conexion  DataBase:null","metodo":"ApplicationSetup$$EnhancerBySpringCGLIB$$737f0d3.init","linea":48 } 
2023-09-12 03:25:01,851-[INFO ] {"id_traza":"","mensaje":"Started ApplicationSetupTest in 3.322 seconds (JVM running for 9.099)","metodo":"ApplicationSetup$$EnhancerBySpringCGLIB$$737f0d3.init","linea":48 } 
2023-09-12 03:25:01,999-[INFO ] {"id_traza":"","mensaje":"Starting PreciosDaoImplTest using Java 17.0.8.1 on GSQ359KQXD01MLE with PID 56628 (started by whiz in /Users/whiz/Documents/Intellijproyecto/EKT-ECOM-CODECOMMIT-MARKETPLACE-MSDPRPPRECIOSVTEX)","metodo":"ApplicationSetup$$EnhancerBySpringCGLIB$$737f0d3.init","linea":48 } 
2023-09-12 03:25:02,000-[INFO ] {"id_traza":"","mensaje":"The following 1 profile is active: "dev"","metodo":"ApplicationSetup$$EnhancerBySpringCGLIB$$737f0d3.init","linea":48 } 
2023-09-12 03:25:02,260-[INFO ] {"id_traza":"","mensaje":"HikariPool-1 - Starting...","metodo":"ApplicationSetup$$EnhancerBySpringCGLIB$$737f0d3.init","linea":48 } 
2023-09-12 03:25:08,636-[INFO ] {"id_traza":"","mensaje":"HikariPool-1 - Start completed.","metodo":"ApplicationSetup$$EnhancerBySpringCGLIB$$737f0d3.init","linea":48 } 
2023-09-12 03:25:08,939-[INFO ] {"id_traza":"","mensaje":"****************** Configurando msdprppreciosvtex 0.0.1 ****************** Conexion  DataBase:X","metodo":"ApplicationSetup$$EnhancerBySpringCGLIB$$737f0d3.init","linea":48 } 
2023-09-12 03:25:09,303-[INFO ] {"id_traza":"","mensaje":"Started PreciosDaoImplTest in 7.341 seconds (JVM running for 16.551)","metodo":"ApplicationSetup$$EnhancerBySpringCGLIB$$737f0d3.init","linea":48 } 
2023-09-12 03:25:09,671-[INFO ] {"id_traza":"","mensaje":"Starting StatusControllerTest using Java 17.0.8.1 on GSQ359KQXD01MLE with PID 56628 (started by whiz in /Users/whiz/Documents/Intellijproyecto/EKT-ECOM-CODECOMMIT-MARKETPLACE-MSDPRPPRECIOSVTEX)","metodo":"ApplicationSetup$$EnhancerBySpringCGLIB$$737f0d3.init","linea":48 } 
2023-09-12 03:25:09,671-[INFO ] {"id_traza":"","mensaje":"The following 1 profile is active: "dev"","metodo":"ApplicationSetup$$EnhancerBySpringCGLIB$$737f0d3.init","linea":48 } 
2023-09-12 03:25:09,852-[INFO ] {"id_traza":"","mensaje":"HikariPool-2 - Starting...","metodo":"ApplicationSetup$$EnhancerBySpringCGLIB$$737f0d3.init","linea":48 } 
2023-09-12 03:25:10,888-[INFO ] {"id_traza":"","mensaje":"HikariPool-2 - Start completed.","metodo":"ApplicationSetup$$EnhancerBySpringCGLIB$$737f0d3.init","linea":48 } 
2023-09-12 03:25:11,107-[INFO ] {"id_traza":"","mensaje":"****************** Configurando msdprppreciosvtex 0.0.1 ****************** Conexion  DataBase:X","metodo":"ApplicationSetup$$EnhancerBySpringCGLIB$$737f0d3.init","linea":48 } 
2023-09-12 03:25:11,403-[INFO ] {"id_traza":"","mensaje":"Started StatusControllerTest in 1.755 seconds (JVM running for 18.651)","metodo":"ApplicationSetup$$EnhancerBySpringCGLIB$$737f0d3.init","linea":48 } 
2023-09-12 03:25:11,596-[INFO ] {"id_traza":"","mensaje":"Starting StatusServicesTest using Java 17.0.8.1 on GSQ359KQXD01MLE with PID 56628 (started by whiz in /Users/whiz/Documents/Intellijproyecto/EKT-ECOM-CODECOMMIT-MARKETPLACE-MSDPRPPRECIOSVTEX)","metodo":"ApplicationSetup$$EnhancerBySpringCGLIB$$737f0d3.init","linea":48 } 
2023-09-12 03:25:11,596-[INFO ] {"id_traza":"","mensaje":"The following 1 profile is active: "dev"","metodo":"ApplicationSetup$$EnhancerBySpringCGLIB$$737f0d3.init","linea":48 } 
2023-09-12 03:25:11,727-[INFO ] {"id_traza":"","mensaje":"****************** Configurando msdprppreciosvtex 0.0.1 ****************** Conexion  DataBase:null","metodo":"ApplicationSetup$$EnhancerBySpringCGLIB$$737f0d3.init","linea":48 } 
2023-09-12 03:25:12,017-[INFO ] {"id_traza":"","mensaje":"Started StatusServicesTest in 0.442 seconds (JVM running for 19.264)","metodo":"ApplicationSetup$$EnhancerBySpringCGLIB$$737f0d3.init","linea":48 } 
2023-09-12 03:25:12,049-[INFO ] {"id_traza":"","mensaje":"HikariPool-1 - Shutdown initiated...","metodo":".","linea": } 
2023-09-12 03:25:12,678-[INFO ] {"id_traza":"","mensaje":"HikariPool-1 - Shutdown completed.","metodo":".","linea": } 
2023-09-12 03:25:12,680-[INFO ] {"id_traza":"","mensaje":"HikariPool-2 - Shutdown initiated...","metodo":".","linea": } 
2023-09-12 03:25:12,995-[INFO ] {"id_traza":"","mensaje":"HikariPool-2 - Shutdown completed.","metodo":".","linea": } 
2023-09-12 03:35:09,478-[INFO ] {"id_traza":"","mensaje":"Starting ApplicationSetupTest using Java 17.0.8.1 on GSQ359KQXD01MLE with PID 60834 (started by whiz in /Users/whiz/Documents/Intellijproyecto/EKT-ECOM-CODECOMMIT-MARKETPLACE-MSDPRPPRECIOSVTEX)","metodo":".","linea": } 
2023-09-12 03:35:09,479-[INFO ] {"id_traza":"","mensaje":"The following 1 profile is active: "dev"","metodo":".","linea": } 
2023-09-12 03:35:11,173-[INFO ] {"id_traza":"","mensaje":"****************** Configurando msdprppreciosvtex 0.0.1 ****************** Conexion  DataBase:null","metodo":"ApplicationSetup$$EnhancerBySpringCGLIB$$5b552935.init","linea":48 } 
2023-09-12 03:35:12,674-[INFO ] {"id_traza":"","mensaje":"Started ApplicationSetupTest in 3.51 seconds (JVM running for 9.327)","metodo":"ApplicationSetup$$EnhancerBySpringCGLIB$$5b552935.init","linea":48 } 
2023-09-12 03:35:13,257-[INFO ] {"id_traza":"","mensaje":"Starting StatusControllerTest using Java 17.0.8.1 on GSQ359KQXD01MLE with PID 60834 (started by whiz in /Users/whiz/Documents/Intellijproyecto/EKT-ECOM-CODECOMMIT-MARKETPLACE-MSDPRPPRECIOSVTEX)","metodo":"ApplicationSetup$$EnhancerBySpringCGLIB$$5b552935.init","linea":48 } 
2023-09-12 03:35:13,257-[INFO ] {"id_traza":"","mensaje":"The following 1 profile is active: "dev"","metodo":"ApplicationSetup$$EnhancerBySpringCGLIB$$5b552935.init","linea":48 } 
2023-09-12 03:35:13,552-[INFO ] {"id_traza":"","mensaje":"HikariPool-1 - Starting...","metodo":"ApplicationSetup$$EnhancerBySpringCGLIB$$5b552935.init","linea":48 } 
2023-09-12 03:35:19,994-[INFO ] {"id_traza":"","mensaje":"HikariPool-1 - Start completed.","metodo":"ApplicationSetup$$EnhancerBySpringCGLIB$$5b552935.init","linea":48 } 
2023-09-12 03:35:20,310-[INFO ] {"id_traza":"","mensaje":"****************** Configurando msdprppreciosvtex 0.0.1 ****************** Conexion  DataBase:X","metodo":"ApplicationSetup$$EnhancerBySpringCGLIB$$5b552935.init","linea":48 } 
2023-09-12 03:35:20,683-[INFO ] {"id_traza":"","mensaje":"Started StatusControllerTest in 7.459 seconds (JVM running for 17.335)","metodo":"ApplicationSetup$$EnhancerBySpringCGLIB$$5b552935.init","linea":48 } 
2023-09-12 03:35:20,712-[INFO ] {"id_traza":"","mensaje":"Starting PreciosControllerTest using Java 17.0.8.1 on GSQ359KQXD01MLE with PID 60834 (started by whiz in /Users/whiz/Documents/Intellijproyecto/EKT-ECOM-CODECOMMIT-MARKETPLACE-MSDPRPPRECIOSVTEX)","metodo":"ApplicationSetup$$EnhancerBySpringCGLIB$$5b552935.init","linea":48 } 
2023-09-12 03:35:20,712-[INFO ] {"id_traza":"","mensaje":"The following 1 profile is active: "dev"","metodo":"ApplicationSetup$$EnhancerBySpringCGLIB$$5b552935.init","linea":48 } 
2023-09-12 03:35:20,874-[INFO ] {"id_traza":"","mensaje":"HikariPool-2 - Starting...","metodo":"ApplicationSetup$$EnhancerBySpringCGLIB$$5b552935.init","linea":48 } 
2023-09-12 03:35:21,905-[INFO ] {"id_traza":"","mensaje":"HikariPool-2 - Start completed.","metodo":"ApplicationSetup$$EnhancerBySpringCGLIB$$5b552935.init","linea":48 } 
2023-09-12 03:35:22,103-[INFO ] {"id_traza":"","mensaje":"****************** Configurando msdprppreciosvtex 0.0.1 ****************** Conexion  DataBase:X","metodo":"ApplicationSetup$$EnhancerBySpringCGLIB$$5b552935.init","linea":48 } 
2023-09-12 03:35:22,396-[INFO ] {"id_traza":"","mensaje":"Started PreciosControllerTest in 1.705 seconds (JVM running for 19.049)","metodo":"ApplicationSetup$$EnhancerBySpringCGLIB$$5b552935.init","linea":48 } 
2023-09-12 03:35:22,577-[INFO ] {"id_traza":"","mensaje":"Starting StatusServicesTest using Java 17.0.8.1 on GSQ359KQXD01MLE with PID 60834 (started by whiz in /Users/whiz/Documents/Intellijproyecto/EKT-ECOM-CODECOMMIT-MARKETPLACE-MSDPRPPRECIOSVTEX)","metodo":"ApplicationSetup$$EnhancerBySpringCGLIB$$5b552935.init","linea":48 } 
2023-09-12 03:35:22,577-[INFO ] {"id_traza":"","mensaje":"The following 1 profile is active: "dev"","metodo":"ApplicationSetup$$EnhancerBySpringCGLIB$$5b552935.init","linea":48 } 
2023-09-12 03:35:22,688-[INFO ] {"id_traza":"","mensaje":"****************** Configurando msdprppreciosvtex 0.0.1 ****************** Conexion  DataBase:null","metodo":"ApplicationSetup$$EnhancerBySpringCGLIB$$5b552935.init","linea":48 } 
2023-09-12 03:35:22,999-[INFO ] {"id_traza":"","mensaje":"Started StatusServicesTest in 0.441 seconds (JVM running for 19.651)","metodo":"ApplicationSetup$$EnhancerBySpringCGLIB$$5b552935.init","linea":48 } 
2023-09-12 03:35:23,035-[INFO ] {"id_traza":"","mensaje":"HikariPool-1 - Shutdown initiated...","metodo":".","linea": } 
2023-09-12 03:35:23,980-[INFO ] {"id_traza":"","mensaje":"HikariPool-1 - Shutdown completed.","metodo":".","linea": } 
2023-09-12 03:35:23,982-[INFO ] {"id_traza":"","mensaje":"HikariPool-2 - Shutdown initiated...","metodo":".","linea": } 
2023-09-12 03:35:30,012-[INFO ] {"id_traza":"","mensaje":"HikariPool-2 - Shutdown completed.","metodo":".","linea": } 
2023-09-12 03:37:17,379-[INFO ] {"id_traza":"","mensaje":"Starting ApplicationSetupTest using Java 17.0.8.1 on GSQ359KQXD01MLE with PID 61473 (started by whiz in /Users/whiz/Documents/Intellijproyecto/EKT-ECOM-CODECOMMIT-MARKETPLACE-MSDPRPPRECIOSVTEX)","metodo":".","linea": } 
2023-09-12 03:37:17,381-[INFO ] {"id_traza":"","mensaje":"The following 1 profile is active: "dev"","metodo":".","linea": } 
2023-09-12 03:37:19,290-[INFO ] {"id_traza":"","mensaje":"****************** Configurando msdprppreciosvtex 0.0.1 ****************** Conexion  DataBase:null","metodo":"ApplicationSetup$$EnhancerBySpringCGLIB$$15ecedbe.init","linea":48 } 
2023-09-12 03:37:20,884-[INFO ] {"id_traza":"","mensaje":"Started ApplicationSetupTest in 3.797 seconds (JVM running for 9.511)","metodo":"ApplicationSetup$$EnhancerBySpringCGLIB$$15ecedbe.init","linea":48 } 
2023-09-12 03:37:21,454-[INFO ] {"id_traza":"","mensaje":"Starting StatusControllerTest using Java 17.0.8.1 on GSQ359KQXD01MLE with PID 61473 (started by whiz in /Users/whiz/Documents/Intellijproyecto/EKT-ECOM-CODECOMMIT-MARKETPLACE-MSDPRPPRECIOSVTEX)","metodo":"ApplicationSetup$$EnhancerBySpringCGLIB$$15ecedbe.init","linea":48 } 
2023-09-12 03:37:21,455-[INFO ] {"id_traza":"","mensaje":"The following 1 profile is active: "dev"","metodo":"ApplicationSetup$$EnhancerBySpringCGLIB$$15ecedbe.init","linea":48 } 
2023-09-12 03:37:21,750-[INFO ] {"id_traza":"","mensaje":"HikariPool-1 - Starting...","metodo":"ApplicationSetup$$EnhancerBySpringCGLIB$$15ecedbe.init","linea":48 } 
2023-09-12 03:37:28,087-[INFO ] {"id_traza":"","mensaje":"HikariPool-1 - Start completed.","metodo":"ApplicationSetup$$EnhancerBySpringCGLIB$$15ecedbe.init","linea":48 } 
2023-09-12 03:37:28,409-[INFO ] {"id_traza":"","mensaje":"****************** Configurando msdprppreciosvtex 0.0.1 ****************** Conexion  DataBase:X","metodo":"ApplicationSetup$$EnhancerBySpringCGLIB$$15ecedbe.init","linea":48 } 
2023-09-12 03:37:28,835-[INFO ] {"id_traza":"","mensaje":"Started StatusControllerTest in 7.411 seconds (JVM running for 17.462)","metodo":"ApplicationSetup$$EnhancerBySpringCGLIB$$15ecedbe.init","linea":48 } 
2023-09-12 03:37:28,869-[INFO ] {"id_traza":"","mensaje":"Starting PreciosControllerTest using Java 17.0.8.1 on GSQ359KQXD01MLE with PID 61473 (started by whiz in /Users/whiz/Documents/Intellijproyecto/EKT-ECOM-CODECOMMIT-MARKETPLACE-MSDPRPPRECIOSVTEX)","metodo":"ApplicationSetup$$EnhancerBySpringCGLIB$$15ecedbe.init","linea":48 } 
2023-09-12 03:37:28,869-[INFO ] {"id_traza":"","mensaje":"The following 1 profile is active: "dev"","metodo":"ApplicationSetup$$EnhancerBySpringCGLIB$$15ecedbe.init","linea":48 } 
2023-09-12 03:37:29,066-[INFO ] {"id_traza":"","mensaje":"HikariPool-2 - Starting...","metodo":"ApplicationSetup$$EnhancerBySpringCGLIB$$15ecedbe.init","linea":48 } 
2023-09-12 03:37:30,101-[INFO ] {"id_traza":"","mensaje":"HikariPool-2 - Start completed.","metodo":"ApplicationSetup$$EnhancerBySpringCGLIB$$15ecedbe.init","linea":48 } 
2023-09-12 03:37:30,299-[INFO ] {"id_traza":"","mensaje":"****************** Configurando msdprppreciosvtex 0.0.1 ****************** Conexion  DataBase:X","metodo":"ApplicationSetup$$EnhancerBySpringCGLIB$$15ecedbe.init","linea":48 } 
2023-09-12 03:37:30,624-[INFO ] {"id_traza":"","mensaje":"Started PreciosControllerTest in 1.779 seconds (JVM running for 19.251)","metodo":"ApplicationSetup$$EnhancerBySpringCGLIB$$15ecedbe.init","linea":48 } 
2023-09-12 03:37:30,807-[INFO ] {"id_traza":"","mensaje":"Starting StatusServicesTest using Java 17.0.8.1 on GSQ359KQXD01MLE with PID 61473 (started by whiz in /Users/whiz/Documents/Intellijproyecto/EKT-ECOM-CODECOMMIT-MARKETPLACE-MSDPRPPRECIOSVTEX)","metodo":"ApplicationSetup$$EnhancerBySpringCGLIB$$15ecedbe.init","linea":48 } 
2023-09-12 03:37:30,807-[INFO ] {"id_traza":"","mensaje":"The following 1 profile is active: "dev"","metodo":"ApplicationSetup$$EnhancerBySpringCGLIB$$15ecedbe.init","linea":48 } 
2023-09-12 03:37:30,946-[INFO ] {"id_traza":"","mensaje":"****************** Configurando msdprppreciosvtex 0.0.1 ****************** Conexion  DataBase:null","metodo":"ApplicationSetup$$EnhancerBySpringCGLIB$$15ecedbe.init","linea":48 } 
2023-09-12 03:37:31,251-[INFO ] {"id_traza":"","mensaje":"Started StatusServicesTest in 0.464 seconds (JVM running for 19.878)","metodo":"ApplicationSetup$$EnhancerBySpringCGLIB$$15ecedbe.init","linea":48 } 
2023-09-12 03:37:31,283-[INFO ] {"id_traza":"","mensaje":"HikariPool-1 - Shutdown initiated...","metodo":".","linea": } 
2023-09-12 03:37:32,117-[INFO ] {"id_traza":"","mensaje":"HikariPool-1 - Shutdown completed.","metodo":".","linea": } 
2023-09-12 03:37:32,120-[INFO ] {"id_traza":"","mensaje":"HikariPool-2 - Shutdown initiated...","metodo":".","linea": } 
2023-09-12 03:37:38,114-[INFO ] {"id_traza":"","mensaje":"HikariPool-2 - Shutdown completed.","metodo":".","linea": } 
